{
  "stats": {
    "suites": 1,
    "tests": 11,
    "passes": 11,
    "pending": 0,
    "failures": 0,
    "start": "2020-08-17T14:35:27.270Z",
    "end": "2020-08-17T14:36:54.408Z",
    "duration": 87138,
    "testsRegistered": 11,
    "passPercent": 100,
    "pendingPercent": 0,
    "other": 0,
    "hasOther": false,
    "skipped": 0,
    "hasSkipped": false
  },
  "results": [
    {
      "uuid": "3492ef11-eee6-4c38-8c15-4c6ab6a80948",
      "title": "",
      "fullFile": "cypress\\integration\\profils\\civilPartnershipRefactor.spec.js",
      "file": "cypress\\integration\\profils\\civilPartnershipRefactor.spec.js",
      "beforeHooks": [],
      "afterHooks": [],
      "tests": [],
      "suites": [
        {
          "uuid": "f65eb890-1211-4024-91e6-dcd9c207053f",
          "title": "Choose the options to get credit with Pacs profil",
          "fullFile": "",
          "file": "",
          "beforeHooks": [],
          "afterHooks": [],
          "tests": [
            {
              "title": "Choice of project",
              "fullTitle": "Choose the options to get credit with Pacs profil Choice of project",
              "timedOut": null,
              "duration": 48716,
              "state": "passed",
              "speed": "slow",
              "pass": true,
              "fail": false,
              "pending": false,
              "context": null,
              "code": "cy.chooseProjectCredit(profile.landingStep);\ncy.wait(1000);\ncy.buttonClick('CONTINUER');\ncy.url().should('contain', '/email');\ncy.get(\"h2\").should('contain', 'Découvrez votre offre de prêt');\ncy.emailUser(profile.identityStep);\ncy.wait(5000);\ncy.url().should('contain', '/familysituation');",
              "err": {},
              "uuid": "b6f7e220-5eee-499a-9ed0-15ab7c4013a3",
              "parentUUID": "f65eb890-1211-4024-91e6-dcd9c207053f",
              "isHook": false,
              "skipped": false
            },
            {
              "title": "fill the family situation (marital statut)",
              "fullTitle": "Choose the options to get credit with Pacs profil fill the family situation (marital statut)",
              "timedOut": null,
              "duration": 1547,
              "state": "passed",
              "speed": "slow",
              "pass": true,
              "fail": false,
              "pending": false,
              "context": null,
              "code": "cy.familySituation(profile.identityStep);",
              "err": {},
              "uuid": "b0e24795-3bd8-4a79-a4d4-7a17c27ecc43",
              "parentUUID": "f65eb890-1211-4024-91e6-dcd9c207053f",
              "isHook": false,
              "skipped": false
            },
            {
              "title": "fill the housing field",
              "fullTitle": "Choose the options to get credit with Pacs profil fill the housing field",
              "timedOut": null,
              "duration": 1858,
              "state": "passed",
              "speed": "slow",
              "pass": true,
              "fail": false,
              "pending": false,
              "context": null,
              "code": "//  Registration housing is successfull          \ncy.get(\"h2\").should('contain', 'Votre logement');\ncy.housingStatusUser(profile.houseStep);\ncy.url().should('contain', '/professionalsituation');",
              "err": {},
              "uuid": "65ee9bb2-34a9-4fc8-bbe9-33acbdb3e3b1",
              "parentUUID": "f65eb890-1211-4024-91e6-dcd9c207053f",
              "isHook": false,
              "skipped": false
            },
            {
              "title": "fill professional situation",
              "fullTitle": "Choose the options to get credit with Pacs profil fill professional situation",
              "timedOut": null,
              "duration": 2099,
              "state": "passed",
              "speed": "slow",
              "pass": true,
              "fail": false,
              "pending": false,
              "context": null,
              "code": "cy.profesionalActivity(profile.activityStep, profile.activityStatus);",
              "err": {},
              "uuid": "9cf849fe-bd7c-43c2-a5c1-c7e3d004c978",
              "parentUUID": "f65eb890-1211-4024-91e6-dcd9c207053f",
              "isHook": false,
              "skipped": false
            },
            {
              "title": "Fill partner's professional situation",
              "fullTitle": "Choose the options to get credit with Pacs profil Fill partner's professional situation",
              "timedOut": null,
              "duration": 2438,
              "state": "passed",
              "speed": "slow",
              "pass": true,
              "fail": false,
              "pending": false,
              "context": null,
              "code": "cy.url().should('include', '/partnerprofession');\ncy.get(\"h2\").should('contain', 'Profession de votre conjoint');\ncy.partnerActivityCoupleUser(profile.partneractivityStep);\ncy.get('[data-test=navigator-compact-forward]').click();",
              "err": {},
              "uuid": "ee9dde0f-1d93-4353-b6fe-4b73344d51a8",
              "parentUUID": "f65eb890-1211-4024-91e6-dcd9c207053f",
              "isHook": false,
              "skipped": false
            },
            {
              "title": "fill monthly incomes",
              "fullTitle": "Choose the options to get credit with Pacs profil fill monthly incomes",
              "timedOut": null,
              "duration": 2526,
              "state": "passed",
              "speed": "slow",
              "pass": true,
              "fail": false,
              "pending": false,
              "context": null,
              "code": "cy.url().should('include', '/incomes');\ncy.get(\"h2\").should('contain', 'Vos revenus mensuels');\ncy.incomeUser(profile.houseStep, profile.mariedStatus);\ncy.get('[data-test=navigator-compact-forward]').click();\ncy.url().should('contain', '/outcomes');",
              "err": {},
              "uuid": "51882be1-3054-444c-9886-2ed90116f3df",
              "parentUUID": "f65eb890-1211-4024-91e6-dcd9c207053f",
              "isHook": false,
              "skipped": false
            },
            {
              "title": "fill monthly outcomes",
              "fullTitle": "Choose the options to get credit with Pacs profil fill monthly outcomes",
              "timedOut": null,
              "duration": 1997,
              "state": "passed",
              "speed": "slow",
              "pass": true,
              "fail": false,
              "pending": false,
              "context": null,
              "code": "cy.url().should('include', '/outcomes');\ncy.get(\"h2\").should('contain', 'Vos charges mensuelles');\ncy.outcomeUser(profile.houseStep, profile.mariedStatus, profile.houseStatus);",
              "err": {},
              "uuid": "56383b09-cd2a-4b01-bdad-92bd80cdf135",
              "parentUUID": "f65eb890-1211-4024-91e6-dcd9c207053f",
              "isHook": false,
              "skipped": false
            },
            {
              "title": "Fill information about his bank",
              "fullTitle": "Choose the options to get credit with Pacs profil Fill information about his bank",
              "timedOut": null,
              "duration": 1567,
              "state": "passed",
              "speed": "slow",
              "pass": true,
              "fail": false,
              "pending": false,
              "context": null,
              "code": "// Successfull registraction\ncy.get(\"h2\").should('contain', 'Votre banque');\ncy.bankUser(profile.bankStep);",
              "err": {},
              "uuid": "acce0a3b-7553-4004-8d55-b4d8dd11d437",
              "parentUUID": "f65eb890-1211-4024-91e6-dcd9c207053f",
              "isHook": false,
              "skipped": false
            },
            {
              "title": "Fill information about you",
              "fullTitle": "Choose the options to get credit with Pacs profil Fill information about you",
              "timedOut": null,
              "duration": 4172,
              "state": "passed",
              "speed": "slow",
              "pass": true,
              "fail": false,
              "pending": false,
              "context": null,
              "code": "//Fail registraction\n// Successfull registraction\ncy.url().should('include', '/identity');\ncy.get(\"h2\").should('contain', 'Vos informations');\ncy.get('[data-di-id=\"di-id-bf89a9dc-e017ffb1\"] > label');\ncy.get('[type=\"radio\"]').check({\n  force: true\n});\ncy.identityUser(profile.identityStep);\ncy.get('[data-test=navigator-compact-forward]').click();",
              "err": {},
              "uuid": "9c854e0b-0d54-435d-8f30-37c53a600a3c",
              "parentUUID": "f65eb890-1211-4024-91e6-dcd9c207053f",
              "isHook": false,
              "skipped": false
            },
            {
              "title": "Fill information about your partener",
              "fullTitle": "Choose the options to get credit with Pacs profil Fill information about your partener",
              "timedOut": null,
              "duration": 4001,
              "state": "passed",
              "speed": "slow",
              "pass": true,
              "fail": false,
              "pending": false,
              "context": null,
              "code": "//Fail registraction\n// Successfull registraction\ncy.url().should('include', '/partneridentity');\ncy.get(\"h2\").should('contain', 'Les informations de votre conjoint');\ncy.get('[data-di-id=\"di-id-66b6d813-523699cf\"] > label');\ncy.get('[type=\"radio\"]').check({\n  force: true\n});\ncy.identityPartnerUser(profile.partnerIdentityStep, profile.partnerStatus);\ncy.get('[data-test=navigator-compact-forward]').click();",
              "err": {},
              "uuid": "11b39e05-4e69-4283-a701-a2972a7d7f1c",
              "parentUUID": "f65eb890-1211-4024-91e6-dcd9c207053f",
              "isHook": false,
              "skipped": false
            },
            {
              "title": "Fill information about contct",
              "fullTitle": "Choose the options to get credit with Pacs profil Fill information about contct",
              "timedOut": null,
              "duration": 3663,
              "state": "passed",
              "speed": "slow",
              "pass": true,
              "fail": false,
              "pending": false,
              "context": null,
              "code": "//Fail registraction\n// Successfull registraction\ncy.url().should('include', '/contact');\ncy.get(\"h2\").should('contain', 'Vos coordonnées');\ncy.contactUser(profile.identityStep);\ncy.get('[data-test=navigator-compact-forward]').click();",
              "err": {},
              "uuid": "badcbfc0-d306-4a96-8130-55ea1d17c57b",
              "parentUUID": "f65eb890-1211-4024-91e6-dcd9c207053f",
              "isHook": false,
              "skipped": false
            }
          ],
          "suites": [],
          "passes": [
            "b6f7e220-5eee-499a-9ed0-15ab7c4013a3",
            "b0e24795-3bd8-4a79-a4d4-7a17c27ecc43",
            "65ee9bb2-34a9-4fc8-bbe9-33acbdb3e3b1",
            "9cf849fe-bd7c-43c2-a5c1-c7e3d004c978",
            "ee9dde0f-1d93-4353-b6fe-4b73344d51a8",
            "51882be1-3054-444c-9886-2ed90116f3df",
            "56383b09-cd2a-4b01-bdad-92bd80cdf135",
            "acce0a3b-7553-4004-8d55-b4d8dd11d437",
            "9c854e0b-0d54-435d-8f30-37c53a600a3c",
            "11b39e05-4e69-4283-a701-a2972a7d7f1c",
            "badcbfc0-d306-4a96-8130-55ea1d17c57b"
          ],
          "failures": [],
          "pending": [],
          "skipped": [],
          "duration": 74584,
          "root": false,
          "rootEmpty": false,
          "_timeout": 2000
        }
      ],
      "passes": [],
      "failures": [],
      "pending": [],
      "skipped": [],
      "duration": 0,
      "root": true,
      "rootEmpty": true,
      "_timeout": 2000
    }
  ],
  "meta": {
    "mocha": {
      "version": "7.0.1"
    },
    "mochawesome": {
      "options": {
        "quiet": false,
        "reportFilename": "mochawesome",
        "saveHtml": false,
        "saveJson": true,
        "consoleReporter": "spec",
        "useInlineDiffs": false,
        "code": true
      },
      "version": "6.1.1"
    },
    "marge": {
      "options": {
        "reportDir": "cypress/results",
        "overwrite": false,
        "html": false,
        "json": true
      },
      "version": "5.1.0"
    }
  }
}