{
  "stats": {
    "suites": 1,
    "tests": 11,
    "passes": 11,
    "pending": 0,
    "failures": 0,
    "start": "2020-08-17T14:37:40.638Z",
    "end": "2020-08-17T14:39:02.899Z",
    "duration": 82261,
    "testsRegistered": 11,
    "passPercent": 100,
    "pendingPercent": 0,
    "other": 0,
    "hasOther": false,
    "skipped": 0,
    "hasSkipped": false
  },
  "results": [
    {
      "uuid": "e96208ea-2301-439b-9595-1be9147eb3d3",
      "title": "",
      "fullFile": "cypress\\integration\\profils\\mariedRefactor.spec.js",
      "file": "cypress\\integration\\profils\\mariedRefactor.spec.js",
      "beforeHooks": [],
      "afterHooks": [],
      "tests": [],
      "suites": [
        {
          "uuid": "20f4cab3-cca2-4e84-9d84-da7b4469bdeb",
          "title": "Choose the options to get credit with maried profil",
          "fullFile": "",
          "file": "",
          "beforeHooks": [],
          "afterHooks": [],
          "tests": [
            {
              "title": "Choice of project",
              "fullTitle": "Choose the options to get credit with maried profil Choice of project",
              "timedOut": null,
              "duration": 49180,
              "state": "passed",
              "speed": "slow",
              "pass": true,
              "fail": false,
              "pending": false,
              "context": null,
              "code": "cy.chooseProjectCredit(profile.landingStep);\ncy.wait(1000);\ncy.buttonClick('CONTINUER');\ncy.url().should('contain', '/email');\ncy.get(\"h2\").should('contain', 'Découvrez votre offre de prêt');\ncy.emailUser(profile.identityStep);\ncy.wait(5000);\ncy.url().should('contain', '/familysituation');",
              "err": {},
              "uuid": "920c341d-bd64-4551-b6b1-ea1c0de18935",
              "parentUUID": "20f4cab3-cca2-4e84-9d84-da7b4469bdeb",
              "isHook": false,
              "skipped": false
            },
            {
              "title": "fill the family situation (marital statut)",
              "fullTitle": "Choose the options to get credit with maried profil fill the family situation (marital statut)",
              "timedOut": null,
              "duration": 1363,
              "state": "passed",
              "speed": "slow",
              "pass": true,
              "fail": false,
              "pending": false,
              "context": null,
              "code": "cy.familySituation(profile.identityStep);",
              "err": {},
              "uuid": "7c88377f-8e38-4c07-8361-c7e3f887dcbf",
              "parentUUID": "20f4cab3-cca2-4e84-9d84-da7b4469bdeb",
              "isHook": false,
              "skipped": false
            },
            {
              "title": "fill the housing field",
              "fullTitle": "Choose the options to get credit with maried profil fill the housing field",
              "timedOut": null,
              "duration": 1939,
              "state": "passed",
              "speed": "slow",
              "pass": true,
              "fail": false,
              "pending": false,
              "context": null,
              "code": "//  Registration housing is successfull          \ncy.get(\"h2\").should('contain', 'Votre logement');\ncy.housingStatusUser(profile.houseStep);\ncy.url().should('contain', '/professionalsituation');",
              "err": {},
              "uuid": "e75a5abc-d338-45a7-9094-2683c14ffc30",
              "parentUUID": "20f4cab3-cca2-4e84-9d84-da7b4469bdeb",
              "isHook": false,
              "skipped": false
            },
            {
              "title": "fill professional situation",
              "fullTitle": "Choose the options to get credit with maried profil fill professional situation",
              "timedOut": null,
              "duration": 2269,
              "state": "passed",
              "speed": "slow",
              "pass": true,
              "fail": false,
              "pending": false,
              "context": null,
              "code": "cy.profesionalActivity(profile.activityStep, profile.activityStatus);",
              "err": {},
              "uuid": "67354e4e-23be-4381-bffb-72a15d6f4133",
              "parentUUID": "20f4cab3-cca2-4e84-9d84-da7b4469bdeb",
              "isHook": false,
              "skipped": false
            },
            {
              "title": "Fill partner's professional situation",
              "fullTitle": "Choose the options to get credit with maried profil Fill partner's professional situation",
              "timedOut": null,
              "duration": 2142,
              "state": "passed",
              "speed": "slow",
              "pass": true,
              "fail": false,
              "pending": false,
              "context": null,
              "code": "cy.url().should('include', '/partnerprofession');\ncy.get(\"h2\").should('contain', 'Profession de votre conjoint');\ncy.profesionalPartenerActivity(profile.parteneractivityStep, profile.activityStatus);",
              "err": {},
              "uuid": "a6b3e42d-4d9f-48e3-82a8-47c589782129",
              "parentUUID": "20f4cab3-cca2-4e84-9d84-da7b4469bdeb",
              "isHook": false,
              "skipped": false
            },
            {
              "title": "fill monthly incomes",
              "fullTitle": "Choose the options to get credit with maried profil fill monthly incomes",
              "timedOut": null,
              "duration": 2749,
              "state": "passed",
              "speed": "slow",
              "pass": true,
              "fail": false,
              "pending": false,
              "context": null,
              "code": "cy.url().should('include', '/incomes');\ncy.get(\"h2\").should('contain', 'Vos revenus mensuels');\ncy.incomeUser(profile.houseStep, profile.mariedStatus);\ncy.get('[data-test=navigator-compact-forward]').click();\ncy.url().should('contain', '/outcomes');",
              "err": {},
              "uuid": "bf309f91-f12d-4618-a7d3-eef3e46ea731",
              "parentUUID": "20f4cab3-cca2-4e84-9d84-da7b4469bdeb",
              "isHook": false,
              "skipped": false
            },
            {
              "title": "fill monthly outcomes",
              "fullTitle": "Choose the options to get credit with maried profil fill monthly outcomes",
              "timedOut": null,
              "duration": 2138,
              "state": "passed",
              "speed": "slow",
              "pass": true,
              "fail": false,
              "pending": false,
              "context": null,
              "code": "cy.url().should('include', '/outcomes');\ncy.get(\"h2\").should('contain', 'Vos charges mensuelles');\ncy.outcomeUser(profile.houseStep, profile.mariedStatus, profile.houseStatus);",
              "err": {},
              "uuid": "3d3ee0af-dd2d-4c86-ba95-56097166c17b",
              "parentUUID": "20f4cab3-cca2-4e84-9d84-da7b4469bdeb",
              "isHook": false,
              "skipped": false
            },
            {
              "title": "Fill information about his bank",
              "fullTitle": "Choose the options to get credit with maried profil Fill information about his bank",
              "timedOut": null,
              "duration": 1614,
              "state": "passed",
              "speed": "slow",
              "pass": true,
              "fail": false,
              "pending": false,
              "context": null,
              "code": "// Successfull registraction\ncy.get(\"h2\").should('contain', 'Votre banque');\ncy.bankUser(profile.bankStep);",
              "err": {},
              "uuid": "f30dcad3-ac3e-4b43-b56c-0cdd3067c86d",
              "parentUUID": "20f4cab3-cca2-4e84-9d84-da7b4469bdeb",
              "isHook": false,
              "skipped": false
            },
            {
              "title": "Fill information about you",
              "fullTitle": "Choose the options to get credit with maried profil Fill information about you",
              "timedOut": null,
              "duration": 4313,
              "state": "passed",
              "speed": "slow",
              "pass": true,
              "fail": false,
              "pending": false,
              "context": null,
              "code": "//Fail registraction\n// Successfull registraction\ncy.url().should('include', '/identity');\ncy.get(\"h2\").should('contain', 'Vos informations');\ncy.get('[data-di-id=\"di-id-bf89a9dc-e017ffb1\"] > label');\ncy.get('[type=\"radio\"]').check({\n  force: true\n});\ncy.identityUser(profile.identityStep);\ncy.get('[data-test=navigator-compact-forward]').click();",
              "err": {},
              "uuid": "f7510030-47e9-47e8-98da-bb00094ff040",
              "parentUUID": "20f4cab3-cca2-4e84-9d84-da7b4469bdeb",
              "isHook": false,
              "skipped": false
            },
            {
              "title": "Fill information about your partener",
              "fullTitle": "Choose the options to get credit with maried profil Fill information about your partener",
              "timedOut": null,
              "duration": 4806,
              "state": "passed",
              "speed": "slow",
              "pass": true,
              "fail": false,
              "pending": false,
              "context": null,
              "code": "//Fail registraction\n// Successfull registraction\ncy.url().should('include', '/partneridentity');\ncy.get(\"h2\").should('contain', 'Les informations de votre conjoint');\ncy.get('[data-di-id=\"di-id-66b6d813-523699cf\"] > label');\ncy.get('[type=\"radio\"]').check({\n  force: true\n});\ncy.identityPartnerUser(profile.partnerIdentityStep, profile.partnerStatus);\ncy.get('[data-test=navigator-compact-forward]').click();",
              "err": {},
              "uuid": "a353dba2-d973-4c4c-9c7b-2f4ed3ef4e1f",
              "parentUUID": "20f4cab3-cca2-4e84-9d84-da7b4469bdeb",
              "isHook": false,
              "skipped": false
            },
            {
              "title": "Fill information about contct",
              "fullTitle": "Choose the options to get credit with maried profil Fill information about contct",
              "timedOut": null,
              "duration": 3784,
              "state": "passed",
              "speed": "slow",
              "pass": true,
              "fail": false,
              "pending": false,
              "context": null,
              "code": "//Fail registraction\n// Successfull registraction\ncy.url().should('include', '/contact');\ncy.get(\"h2\").should('contain', 'Vos coordonnées');\ncy.contactUser(profile.identityStep);\ncy.get('[data-test=navigator-compact-forward]').click();",
              "err": {},
              "uuid": "d8b26414-490a-451c-8a34-127a9ecd93b5",
              "parentUUID": "20f4cab3-cca2-4e84-9d84-da7b4469bdeb",
              "isHook": false,
              "skipped": false
            }
          ],
          "suites": [],
          "passes": [
            "920c341d-bd64-4551-b6b1-ea1c0de18935",
            "7c88377f-8e38-4c07-8361-c7e3f887dcbf",
            "e75a5abc-d338-45a7-9094-2683c14ffc30",
            "67354e4e-23be-4381-bffb-72a15d6f4133",
            "a6b3e42d-4d9f-48e3-82a8-47c589782129",
            "bf309f91-f12d-4618-a7d3-eef3e46ea731",
            "3d3ee0af-dd2d-4c86-ba95-56097166c17b",
            "f30dcad3-ac3e-4b43-b56c-0cdd3067c86d",
            "f7510030-47e9-47e8-98da-bb00094ff040",
            "a353dba2-d973-4c4c-9c7b-2f4ed3ef4e1f",
            "d8b26414-490a-451c-8a34-127a9ecd93b5"
          ],
          "failures": [],
          "pending": [],
          "skipped": [],
          "duration": 76297,
          "root": false,
          "rootEmpty": false,
          "_timeout": 2000
        }
      ],
      "passes": [],
      "failures": [],
      "pending": [],
      "skipped": [],
      "duration": 0,
      "root": true,
      "rootEmpty": true,
      "_timeout": 2000
    }
  ],
  "meta": {
    "mocha": {
      "version": "7.0.1"
    },
    "mochawesome": {
      "options": {
        "quiet": false,
        "reportFilename": "mochawesome",
        "saveHtml": false,
        "saveJson": true,
        "consoleReporter": "spec",
        "useInlineDiffs": false,
        "code": true
      },
      "version": "6.1.1"
    },
    "marge": {
      "options": {
        "reportDir": "cypress/results",
        "overwrite": false,
        "html": false,
        "json": true
      },
      "version": "5.1.0"
    }
  }
}