{
  "stats": {
    "suites": 1,
    "tests": 9,
    "passes": 9,
    "pending": 0,
    "failures": 0,
    "start": "2020-08-17T14:39:42.742Z",
    "end": "2020-08-17T14:40:55.161Z",
    "duration": 72419,
    "testsRegistered": 9,
    "passPercent": 100,
    "pendingPercent": 0,
    "other": 0,
    "hasOther": false,
    "skipped": 0,
    "hasSkipped": false
  },
  "results": [
    {
      "uuid": "27801ad6-e9a8-42d9-af6f-f1e0c13ffb17",
      "title": "",
      "fullFile": "cypress\\integration\\profils\\single.spec.js",
      "file": "cypress\\integration\\profils\\single.spec.js",
      "beforeHooks": [],
      "afterHooks": [],
      "tests": [],
      "suites": [
        {
          "uuid": "58e1916c-c683-4576-9583-eb298dc08d97",
          "title": "Younited Credit tests",
          "fullFile": "",
          "file": "",
          "beforeHooks": [],
          "afterHooks": [],
          "tests": [
            {
              "title": "connexion à la page",
              "fullTitle": "Younited Credit tests connexion à la page",
              "timedOut": null,
              "duration": 44497,
              "state": "passed",
              "speed": "slow",
              "pass": true,
              "fail": false,
              "pending": false,
              "context": null,
              "code": "// Se connecter à la page\ncy.visit(profile.url);\ncy.pageTitle('Le Crédit'); //Choix du projet \ncy.chooseProjectCredit(profile.landingStep);\ncy.wait(1000);\ncy.buttonClick('CONTINUER');\ncy.url().should('contain', '/email'); // enregistrement mail\n// should fail when email is empty\n/*cy.emailUser(null)                          \ncy.get('.error-msg > .text')                       \ncy.contains('Merci de renseigner cette information pour poursuivre votre demande').should('be.visible') \n //  should fail when email is wrong  \ncy.emailUser('stypyopmail.com')\ncy.get('.error-msg > .text')                       \ncy.contains('L’adresse email saisie semble incorrecte. Merci de vérifier votre choix.').should('be.visible')\ncy.get('#email-input').type('{del}{selectall}{backspace}')\n*/\n//personalized offer is successfull create\ncy.get(\"h2\").should('contain', 'Découvrez votre offre de prêt');\ncy.emailUser(profile.identityStep);\ncy.wait(5000);\ncy.url().should('contain', '/familysituation');",
              "err": {},
              "uuid": "2527c164-b5fb-489c-ba7f-d689670d7de9",
              "parentUUID": "58e1916c-c683-4576-9583-eb298dc08d97",
              "isHook": false,
              "skipped": false
            },
            {
              "title": "fill the family situation",
              "fullTitle": "Younited Credit tests fill the family situation",
              "timedOut": null,
              "duration": 6625,
              "state": "passed",
              "speed": "slow",
              "pass": true,
              "fail": false,
              "pending": false,
              "context": null,
              "code": "//  personalized offer is successfull create\ncy.get(\"h2\").should('contain', 'Votre situation familiale');\ncy.familySituation(profile.identityStep);\ncy.get('[type=\"checkbox\"]').uncheck({\n  force: true\n});\ncy.get('[data-test=navigator-compact-forward]').click();\ncy.wait(5000);\ncy.url().should('contain', '/housing');",
              "err": {},
              "uuid": "ac34fded-5f6e-4cfa-ad4a-b26d2681fe8e",
              "parentUUID": "58e1916c-c683-4576-9583-eb298dc08d97",
              "isHook": false,
              "skipped": false
            },
            {
              "title": "fill the housing field",
              "fullTitle": "Younited Credit tests fill the housing field",
              "timedOut": null,
              "duration": 1136,
              "state": "passed",
              "speed": "slow",
              "pass": true,
              "fail": false,
              "pending": false,
              "context": null,
              "code": "//  Registration housing is successfull          \ncy.get(\"h2\").should('contain', 'Votre logement');\ncy.housingStatusUser(profile.houseStep);\ncy.url().should('contain', '/professionalsituation');",
              "err": {},
              "uuid": "1e389f0d-ad2c-4160-bc6a-7ff7eb1b566a",
              "parentUUID": "58e1916c-c683-4576-9583-eb298dc08d97",
              "isHook": false,
              "skipped": false
            },
            {
              "title": "fill professional situation",
              "fullTitle": "Younited Credit tests fill professional situation",
              "timedOut": null,
              "duration": 1671,
              "state": "passed",
              "speed": "slow",
              "pass": true,
              "fail": false,
              "pending": false,
              "context": null,
              "code": "//  Registration is successful when all fields are full \ncy.get(\"h2\").should('contain', 'Votre situation professionnelle');\ncy.profesionalActivity(profile.activityStep, profile.activityStatus);\ncy.get('[type=\"radio\"]').check({\n  force: true\n});\ncy.get('[data-test=navigator-compact-forward]').click();",
              "err": {},
              "uuid": "25e0ea4f-d097-48ed-aa62-d50536a54ad3",
              "parentUUID": "58e1916c-c683-4576-9583-eb298dc08d97",
              "isHook": false,
              "skipped": false
            },
            {
              "title": "fill monthly incomes",
              "fullTitle": "Younited Credit tests fill monthly incomes",
              "timedOut": null,
              "duration": 1744,
              "state": "passed",
              "speed": "slow",
              "pass": true,
              "fail": false,
              "pending": false,
              "context": null,
              "code": "//  Registration is successful when all fields are full\ncy.url().should('contain', '/incomes');\ncy.get(\"h2\").should('contain', 'Vos revenus mensuels');\ncy.incomeUser(profile.houseStep, profile.mariedStatus);\ncy.get('[data-test=navigator-compact-forward]').click();\ncy.url().should('contain', '/outcomes');",
              "err": {},
              "uuid": "87f8a691-f5fa-4524-b276-037e9d019db8",
              "parentUUID": "58e1916c-c683-4576-9583-eb298dc08d97",
              "isHook": false,
              "skipped": false
            },
            {
              "title": "fill monthly outcomes",
              "fullTitle": "Younited Credit tests fill monthly outcomes",
              "timedOut": null,
              "duration": 1719,
              "state": "passed",
              "speed": "slow",
              "pass": true,
              "fail": false,
              "pending": false,
              "context": null,
              "code": "//  Registration is successful when all fields are full \ncy.get(\"h2\").should('contain', 'Vos charges mensuelles');\ncy.get('#content-outcomes-step > div.card-header').should('contain', 'Vos charges mensuelles');\ncy.get('#rentAmount-input').type('{del}{selectall}{backspace}');\ncy.outcomeUser(profile.houseStep, profile.mariedStatus);",
              "err": {},
              "uuid": "f04036df-cf87-492a-9325-9697f10e987c",
              "parentUUID": "58e1916c-c683-4576-9583-eb298dc08d97",
              "isHook": false,
              "skipped": false
            },
            {
              "title": "Fill information about his bank",
              "fullTitle": "Younited Credit tests Fill information about his bank",
              "timedOut": null,
              "duration": 1365,
              "state": "passed",
              "speed": "slow",
              "pass": true,
              "fail": false,
              "pending": false,
              "context": null,
              "code": "// Successfull registraction\ncy.get(\"h2\").should('contain', 'Votre banque');\ncy.bankUser(profile.bankStep);",
              "err": {},
              "uuid": "90b1a08a-794e-4963-b3cc-7c65effd3983",
              "parentUUID": "58e1916c-c683-4576-9583-eb298dc08d97",
              "isHook": false,
              "skipped": false
            },
            {
              "title": "Fill information about indenty",
              "fullTitle": "Younited Credit tests Fill information about indenty",
              "timedOut": null,
              "duration": 4318,
              "state": "passed",
              "speed": "slow",
              "pass": true,
              "fail": false,
              "pending": false,
              "context": null,
              "code": "// Successfull registraction\ncy.get(\"h2\").should('contain', 'Vos informations');\ncy.get('[data-di-id=\"di-id-bf89a9dc-e017ffb1\"] > label');\ncy.get('[type=\"radio\"]').check({\n  force: true\n});\ncy.identityUser(profile.identityStep);\ncy.get('[data-test=navigator-compact-forward]').click();",
              "err": {},
              "uuid": "d5791103-786a-408a-bc8c-89fbe932976f",
              "parentUUID": "58e1916c-c683-4576-9583-eb298dc08d97",
              "isHook": false,
              "skipped": false
            },
            {
              "title": "Fill information about contct",
              "fullTitle": "Younited Credit tests Fill information about contct",
              "timedOut": null,
              "duration": 3712,
              "state": "passed",
              "speed": "slow",
              "pass": true,
              "fail": false,
              "pending": false,
              "context": null,
              "code": "// Successfull registraction\ncy.get(\"h2\").should('contain', 'Vos coordonnées');\ncy.contactUser(profile.identityStep);\ncy.get('[data-test=navigator-compact-forward]').click();",
              "err": {},
              "uuid": "e9f3d0b0-7580-48c0-8530-4042ed1d428d",
              "parentUUID": "58e1916c-c683-4576-9583-eb298dc08d97",
              "isHook": false,
              "skipped": false
            }
          ],
          "suites": [],
          "passes": [
            "2527c164-b5fb-489c-ba7f-d689670d7de9",
            "ac34fded-5f6e-4cfa-ad4a-b26d2681fe8e",
            "1e389f0d-ad2c-4160-bc6a-7ff7eb1b566a",
            "25e0ea4f-d097-48ed-aa62-d50536a54ad3",
            "87f8a691-f5fa-4524-b276-037e9d019db8",
            "f04036df-cf87-492a-9325-9697f10e987c",
            "90b1a08a-794e-4963-b3cc-7c65effd3983",
            "d5791103-786a-408a-bc8c-89fbe932976f",
            "e9f3d0b0-7580-48c0-8530-4042ed1d428d"
          ],
          "failures": [],
          "pending": [],
          "skipped": [],
          "duration": 66787,
          "root": false,
          "rootEmpty": false,
          "_timeout": 2000
        }
      ],
      "passes": [],
      "failures": [],
      "pending": [],
      "skipped": [],
      "duration": 0,
      "root": true,
      "rootEmpty": true,
      "_timeout": 2000
    }
  ],
  "meta": {
    "mocha": {
      "version": "7.0.1"
    },
    "mochawesome": {
      "options": {
        "quiet": false,
        "reportFilename": "mochawesome",
        "saveHtml": false,
        "saveJson": true,
        "consoleReporter": "spec",
        "useInlineDiffs": false,
        "code": true
      },
      "version": "6.1.1"
    },
    "marge": {
      "options": {
        "reportDir": "cypress/results",
        "overwrite": false,
        "html": false,
        "json": true
      },
      "version": "5.1.0"
    }
  }
}