{
  "stats": {
    "suites": 4,
    "tests": 33,
    "passes": 33,
    "pending": 0,
    "failures": 0,
    "start": "2020-08-17T14:42:25.864Z",
    "end": "2020-08-17T14:42:25.865Z",
    "duration": 226008,
    "testsRegistered": 33,
    "passPercent": 100,
    "pendingPercent": 0,
    "other": 0,
    "hasOther": false,
    "skipped": 0,
    "hasSkipped": false
  },
  "results": [
    {
      "uuid": "e96208ea-2301-439b-9595-1be9147eb3d3",
      "title": "",
      "fullFile": "cypress\\integration\\profils\\mariedRefactor.spec.js",
      "file": "cypress\\integration\\profils\\mariedRefactor.spec.js",
      "beforeHooks": [],
      "afterHooks": [],
      "tests": [],
      "suites": [
        {
          "uuid": "20f4cab3-cca2-4e84-9d84-da7b4469bdeb",
          "title": "Choose the options to get credit with maried profil",
          "fullFile": "",
          "file": "",
          "beforeHooks": [],
          "afterHooks": [],
          "tests": [
            {
              "title": "Choice of project",
              "fullTitle": "Choose the options to get credit with maried profil Choice of project",
              "timedOut": null,
              "duration": 49180,
              "state": "passed",
              "speed": "slow",
              "pass": true,
              "fail": false,
              "pending": false,
              "context": null,
              "code": "cy.chooseProjectCredit(profile.landingStep);\ncy.wait(1000);\ncy.buttonClick('CONTINUER');\ncy.url().should('contain', '/email');\ncy.get(\"h2\").should('contain', 'Découvrez votre offre de prêt');\ncy.emailUser(profile.identityStep);\ncy.wait(5000);\ncy.url().should('contain', '/familysituation');",
              "err": {},
              "uuid": "920c341d-bd64-4551-b6b1-ea1c0de18935",
              "parentUUID": "20f4cab3-cca2-4e84-9d84-da7b4469bdeb",
              "isHook": false,
              "skipped": false
            },
            {
              "title": "fill the family situation (marital statut)",
              "fullTitle": "Choose the options to get credit with maried profil fill the family situation (marital statut)",
              "timedOut": null,
              "duration": 1363,
              "state": "passed",
              "speed": "slow",
              "pass": true,
              "fail": false,
              "pending": false,
              "context": null,
              "code": "cy.familySituation(profile.identityStep);",
              "err": {},
              "uuid": "7c88377f-8e38-4c07-8361-c7e3f887dcbf",
              "parentUUID": "20f4cab3-cca2-4e84-9d84-da7b4469bdeb",
              "isHook": false,
              "skipped": false
            },
            {
              "title": "fill the housing field",
              "fullTitle": "Choose the options to get credit with maried profil fill the housing field",
              "timedOut": null,
              "duration": 1939,
              "state": "passed",
              "speed": "slow",
              "pass": true,
              "fail": false,
              "pending": false,
              "context": null,
              "code": "//  Registration housing is successfull          \ncy.get(\"h2\").should('contain', 'Votre logement');\ncy.housingStatusUser(profile.houseStep);\ncy.url().should('contain', '/professionalsituation');",
              "err": {},
              "uuid": "e75a5abc-d338-45a7-9094-2683c14ffc30",
              "parentUUID": "20f4cab3-cca2-4e84-9d84-da7b4469bdeb",
              "isHook": false,
              "skipped": false
            },
            {
              "title": "fill professional situation",
              "fullTitle": "Choose the options to get credit with maried profil fill professional situation",
              "timedOut": null,
              "duration": 2269,
              "state": "passed",
              "speed": "slow",
              "pass": true,
              "fail": false,
              "pending": false,
              "context": null,
              "code": "cy.profesionalActivity(profile.activityStep, profile.activityStatus);",
              "err": {},
              "uuid": "67354e4e-23be-4381-bffb-72a15d6f4133",
              "parentUUID": "20f4cab3-cca2-4e84-9d84-da7b4469bdeb",
              "isHook": false,
              "skipped": false
            },
            {
              "title": "Fill partner's professional situation",
              "fullTitle": "Choose the options to get credit with maried profil Fill partner's professional situation",
              "timedOut": null,
              "duration": 2142,
              "state": "passed",
              "speed": "slow",
              "pass": true,
              "fail": false,
              "pending": false,
              "context": null,
              "code": "cy.url().should('include', '/partnerprofession');\ncy.get(\"h2\").should('contain', 'Profession de votre conjoint');\ncy.profesionalPartenerActivity(profile.parteneractivityStep, profile.activityStatus);",
              "err": {},
              "uuid": "a6b3e42d-4d9f-48e3-82a8-47c589782129",
              "parentUUID": "20f4cab3-cca2-4e84-9d84-da7b4469bdeb",
              "isHook": false,
              "skipped": false
            },
            {
              "title": "fill monthly incomes",
              "fullTitle": "Choose the options to get credit with maried profil fill monthly incomes",
              "timedOut": null,
              "duration": 2749,
              "state": "passed",
              "speed": "slow",
              "pass": true,
              "fail": false,
              "pending": false,
              "context": null,
              "code": "cy.url().should('include', '/incomes');\ncy.get(\"h2\").should('contain', 'Vos revenus mensuels');\ncy.incomeUser(profile.houseStep, profile.mariedStatus);\ncy.get('[data-test=navigator-compact-forward]').click();\ncy.url().should('contain', '/outcomes');",
              "err": {},
              "uuid": "bf309f91-f12d-4618-a7d3-eef3e46ea731",
              "parentUUID": "20f4cab3-cca2-4e84-9d84-da7b4469bdeb",
              "isHook": false,
              "skipped": false
            },
            {
              "title": "fill monthly outcomes",
              "fullTitle": "Choose the options to get credit with maried profil fill monthly outcomes",
              "timedOut": null,
              "duration": 2138,
              "state": "passed",
              "speed": "slow",
              "pass": true,
              "fail": false,
              "pending": false,
              "context": null,
              "code": "cy.url().should('include', '/outcomes');\ncy.get(\"h2\").should('contain', 'Vos charges mensuelles');\ncy.outcomeUser(profile.houseStep, profile.mariedStatus, profile.houseStatus);",
              "err": {},
              "uuid": "3d3ee0af-dd2d-4c86-ba95-56097166c17b",
              "parentUUID": "20f4cab3-cca2-4e84-9d84-da7b4469bdeb",
              "isHook": false,
              "skipped": false
            },
            {
              "title": "Fill information about his bank",
              "fullTitle": "Choose the options to get credit with maried profil Fill information about his bank",
              "timedOut": null,
              "duration": 1614,
              "state": "passed",
              "speed": "slow",
              "pass": true,
              "fail": false,
              "pending": false,
              "context": null,
              "code": "// Successfull registraction\ncy.get(\"h2\").should('contain', 'Votre banque');\ncy.bankUser(profile.bankStep);",
              "err": {},
              "uuid": "f30dcad3-ac3e-4b43-b56c-0cdd3067c86d",
              "parentUUID": "20f4cab3-cca2-4e84-9d84-da7b4469bdeb",
              "isHook": false,
              "skipped": false
            },
            {
              "title": "Fill information about you",
              "fullTitle": "Choose the options to get credit with maried profil Fill information about you",
              "timedOut": null,
              "duration": 4313,
              "state": "passed",
              "speed": "slow",
              "pass": true,
              "fail": false,
              "pending": false,
              "context": null,
              "code": "//Fail registraction\n// Successfull registraction\ncy.url().should('include', '/identity');\ncy.get(\"h2\").should('contain', 'Vos informations');\ncy.get('[data-di-id=\"di-id-bf89a9dc-e017ffb1\"] > label');\ncy.get('[type=\"radio\"]').check({\n  force: true\n});\ncy.identityUser(profile.identityStep);\ncy.get('[data-test=navigator-compact-forward]').click();",
              "err": {},
              "uuid": "f7510030-47e9-47e8-98da-bb00094ff040",
              "parentUUID": "20f4cab3-cca2-4e84-9d84-da7b4469bdeb",
              "isHook": false,
              "skipped": false
            },
            {
              "title": "Fill information about your partener",
              "fullTitle": "Choose the options to get credit with maried profil Fill information about your partener",
              "timedOut": null,
              "duration": 4806,
              "state": "passed",
              "speed": "slow",
              "pass": true,
              "fail": false,
              "pending": false,
              "context": null,
              "code": "//Fail registraction\n// Successfull registraction\ncy.url().should('include', '/partneridentity');\ncy.get(\"h2\").should('contain', 'Les informations de votre conjoint');\ncy.get('[data-di-id=\"di-id-66b6d813-523699cf\"] > label');\ncy.get('[type=\"radio\"]').check({\n  force: true\n});\ncy.identityPartnerUser(profile.partnerIdentityStep, profile.partnerStatus);\ncy.get('[data-test=navigator-compact-forward]').click();",
              "err": {},
              "uuid": "a353dba2-d973-4c4c-9c7b-2f4ed3ef4e1f",
              "parentUUID": "20f4cab3-cca2-4e84-9d84-da7b4469bdeb",
              "isHook": false,
              "skipped": false
            },
            {
              "title": "Fill information about contct",
              "fullTitle": "Choose the options to get credit with maried profil Fill information about contct",
              "timedOut": null,
              "duration": 3784,
              "state": "passed",
              "speed": "slow",
              "pass": true,
              "fail": false,
              "pending": false,
              "context": null,
              "code": "//Fail registraction\n// Successfull registraction\ncy.url().should('include', '/contact');\ncy.get(\"h2\").should('contain', 'Vos coordonnées');\ncy.contactUser(profile.identityStep);\ncy.get('[data-test=navigator-compact-forward]').click();",
              "err": {},
              "uuid": "d8b26414-490a-451c-8a34-127a9ecd93b5",
              "parentUUID": "20f4cab3-cca2-4e84-9d84-da7b4469bdeb",
              "isHook": false,
              "skipped": false
            }
          ],
          "suites": [],
          "passes": [
            "920c341d-bd64-4551-b6b1-ea1c0de18935",
            "7c88377f-8e38-4c07-8361-c7e3f887dcbf",
            "e75a5abc-d338-45a7-9094-2683c14ffc30",
            "67354e4e-23be-4381-bffb-72a15d6f4133",
            "a6b3e42d-4d9f-48e3-82a8-47c589782129",
            "bf309f91-f12d-4618-a7d3-eef3e46ea731",
            "3d3ee0af-dd2d-4c86-ba95-56097166c17b",
            "f30dcad3-ac3e-4b43-b56c-0cdd3067c86d",
            "f7510030-47e9-47e8-98da-bb00094ff040",
            "a353dba2-d973-4c4c-9c7b-2f4ed3ef4e1f",
            "d8b26414-490a-451c-8a34-127a9ecd93b5"
          ],
          "failures": [],
          "pending": [],
          "skipped": [],
          "duration": 76297,
          "root": false,
          "rootEmpty": false,
          "_timeout": 2000
        }
      ],
      "passes": [],
      "failures": [],
      "pending": [],
      "skipped": [],
      "duration": 0,
      "root": true,
      "rootEmpty": true,
      "_timeout": 2000
    },
    {
      "uuid": "27801ad6-e9a8-42d9-af6f-f1e0c13ffb17",
      "title": "",
      "fullFile": "cypress\\integration\\profils\\single.spec.js",
      "file": "cypress\\integration\\profils\\single.spec.js",
      "beforeHooks": [],
      "afterHooks": [],
      "tests": [],
      "suites": [
        {
          "uuid": "58e1916c-c683-4576-9583-eb298dc08d97",
          "title": "Younited Credit tests",
          "fullFile": "",
          "file": "",
          "beforeHooks": [],
          "afterHooks": [],
          "tests": [
            {
              "title": "connexion à la page",
              "fullTitle": "Younited Credit tests connexion à la page",
              "timedOut": null,
              "duration": 44497,
              "state": "passed",
              "speed": "slow",
              "pass": true,
              "fail": false,
              "pending": false,
              "context": null,
              "code": "// Se connecter à la page\ncy.visit(profile.url);\ncy.pageTitle('Le Crédit'); //Choix du projet \ncy.chooseProjectCredit(profile.landingStep);\ncy.wait(1000);\ncy.buttonClick('CONTINUER');\ncy.url().should('contain', '/email'); // enregistrement mail\n// should fail when email is empty\n/*cy.emailUser(null)                          \ncy.get('.error-msg > .text')                       \ncy.contains('Merci de renseigner cette information pour poursuivre votre demande').should('be.visible') \n //  should fail when email is wrong  \ncy.emailUser('stypyopmail.com')\ncy.get('.error-msg > .text')                       \ncy.contains('L’adresse email saisie semble incorrecte. Merci de vérifier votre choix.').should('be.visible')\ncy.get('#email-input').type('{del}{selectall}{backspace}')\n*/\n//personalized offer is successfull create\ncy.get(\"h2\").should('contain', 'Découvrez votre offre de prêt');\ncy.emailUser(profile.identityStep);\ncy.wait(5000);\ncy.url().should('contain', '/familysituation');",
              "err": {},
              "uuid": "2527c164-b5fb-489c-ba7f-d689670d7de9",
              "parentUUID": "58e1916c-c683-4576-9583-eb298dc08d97",
              "isHook": false,
              "skipped": false
            },
            {
              "title": "fill the family situation",
              "fullTitle": "Younited Credit tests fill the family situation",
              "timedOut": null,
              "duration": 6625,
              "state": "passed",
              "speed": "slow",
              "pass": true,
              "fail": false,
              "pending": false,
              "context": null,
              "code": "//  personalized offer is successfull create\ncy.get(\"h2\").should('contain', 'Votre situation familiale');\ncy.familySituation(profile.identityStep);\ncy.get('[type=\"checkbox\"]').uncheck({\n  force: true\n});\ncy.get('[data-test=navigator-compact-forward]').click();\ncy.wait(5000);\ncy.url().should('contain', '/housing');",
              "err": {},
              "uuid": "ac34fded-5f6e-4cfa-ad4a-b26d2681fe8e",
              "parentUUID": "58e1916c-c683-4576-9583-eb298dc08d97",
              "isHook": false,
              "skipped": false
            },
            {
              "title": "fill the housing field",
              "fullTitle": "Younited Credit tests fill the housing field",
              "timedOut": null,
              "duration": 1136,
              "state": "passed",
              "speed": "slow",
              "pass": true,
              "fail": false,
              "pending": false,
              "context": null,
              "code": "//  Registration housing is successfull          \ncy.get(\"h2\").should('contain', 'Votre logement');\ncy.housingStatusUser(profile.houseStep);\ncy.url().should('contain', '/professionalsituation');",
              "err": {},
              "uuid": "1e389f0d-ad2c-4160-bc6a-7ff7eb1b566a",
              "parentUUID": "58e1916c-c683-4576-9583-eb298dc08d97",
              "isHook": false,
              "skipped": false
            },
            {
              "title": "fill professional situation",
              "fullTitle": "Younited Credit tests fill professional situation",
              "timedOut": null,
              "duration": 1671,
              "state": "passed",
              "speed": "slow",
              "pass": true,
              "fail": false,
              "pending": false,
              "context": null,
              "code": "//  Registration is successful when all fields are full \ncy.get(\"h2\").should('contain', 'Votre situation professionnelle');\ncy.profesionalActivity(profile.activityStep, profile.activityStatus);\ncy.get('[type=\"radio\"]').check({\n  force: true\n});\ncy.get('[data-test=navigator-compact-forward]').click();",
              "err": {},
              "uuid": "25e0ea4f-d097-48ed-aa62-d50536a54ad3",
              "parentUUID": "58e1916c-c683-4576-9583-eb298dc08d97",
              "isHook": false,
              "skipped": false
            },
            {
              "title": "fill monthly incomes",
              "fullTitle": "Younited Credit tests fill monthly incomes",
              "timedOut": null,
              "duration": 1744,
              "state": "passed",
              "speed": "slow",
              "pass": true,
              "fail": false,
              "pending": false,
              "context": null,
              "code": "//  Registration is successful when all fields are full\ncy.url().should('contain', '/incomes');\ncy.get(\"h2\").should('contain', 'Vos revenus mensuels');\ncy.incomeUser(profile.houseStep, profile.mariedStatus);\ncy.get('[data-test=navigator-compact-forward]').click();\ncy.url().should('contain', '/outcomes');",
              "err": {},
              "uuid": "87f8a691-f5fa-4524-b276-037e9d019db8",
              "parentUUID": "58e1916c-c683-4576-9583-eb298dc08d97",
              "isHook": false,
              "skipped": false
            },
            {
              "title": "fill monthly outcomes",
              "fullTitle": "Younited Credit tests fill monthly outcomes",
              "timedOut": null,
              "duration": 1719,
              "state": "passed",
              "speed": "slow",
              "pass": true,
              "fail": false,
              "pending": false,
              "context": null,
              "code": "//  Registration is successful when all fields are full \ncy.get(\"h2\").should('contain', 'Vos charges mensuelles');\ncy.get('#content-outcomes-step > div.card-header').should('contain', 'Vos charges mensuelles');\ncy.get('#rentAmount-input').type('{del}{selectall}{backspace}');\ncy.outcomeUser(profile.houseStep, profile.mariedStatus);",
              "err": {},
              "uuid": "f04036df-cf87-492a-9325-9697f10e987c",
              "parentUUID": "58e1916c-c683-4576-9583-eb298dc08d97",
              "isHook": false,
              "skipped": false
            },
            {
              "title": "Fill information about his bank",
              "fullTitle": "Younited Credit tests Fill information about his bank",
              "timedOut": null,
              "duration": 1365,
              "state": "passed",
              "speed": "slow",
              "pass": true,
              "fail": false,
              "pending": false,
              "context": null,
              "code": "// Successfull registraction\ncy.get(\"h2\").should('contain', 'Votre banque');\ncy.bankUser(profile.bankStep);",
              "err": {},
              "uuid": "90b1a08a-794e-4963-b3cc-7c65effd3983",
              "parentUUID": "58e1916c-c683-4576-9583-eb298dc08d97",
              "isHook": false,
              "skipped": false
            },
            {
              "title": "Fill information about indenty",
              "fullTitle": "Younited Credit tests Fill information about indenty",
              "timedOut": null,
              "duration": 4318,
              "state": "passed",
              "speed": "slow",
              "pass": true,
              "fail": false,
              "pending": false,
              "context": null,
              "code": "// Successfull registraction\ncy.get(\"h2\").should('contain', 'Vos informations');\ncy.get('[data-di-id=\"di-id-bf89a9dc-e017ffb1\"] > label');\ncy.get('[type=\"radio\"]').check({\n  force: true\n});\ncy.identityUser(profile.identityStep);\ncy.get('[data-test=navigator-compact-forward]').click();",
              "err": {},
              "uuid": "d5791103-786a-408a-bc8c-89fbe932976f",
              "parentUUID": "58e1916c-c683-4576-9583-eb298dc08d97",
              "isHook": false,
              "skipped": false
            },
            {
              "title": "Fill information about contct",
              "fullTitle": "Younited Credit tests Fill information about contct",
              "timedOut": null,
              "duration": 3712,
              "state": "passed",
              "speed": "slow",
              "pass": true,
              "fail": false,
              "pending": false,
              "context": null,
              "code": "// Successfull registraction\ncy.get(\"h2\").should('contain', 'Vos coordonnées');\ncy.contactUser(profile.identityStep);\ncy.get('[data-test=navigator-compact-forward]').click();",
              "err": {},
              "uuid": "e9f3d0b0-7580-48c0-8530-4042ed1d428d",
              "parentUUID": "58e1916c-c683-4576-9583-eb298dc08d97",
              "isHook": false,
              "skipped": false
            }
          ],
          "suites": [],
          "passes": [
            "2527c164-b5fb-489c-ba7f-d689670d7de9",
            "ac34fded-5f6e-4cfa-ad4a-b26d2681fe8e",
            "1e389f0d-ad2c-4160-bc6a-7ff7eb1b566a",
            "25e0ea4f-d097-48ed-aa62-d50536a54ad3",
            "87f8a691-f5fa-4524-b276-037e9d019db8",
            "f04036df-cf87-492a-9325-9697f10e987c",
            "90b1a08a-794e-4963-b3cc-7c65effd3983",
            "d5791103-786a-408a-bc8c-89fbe932976f",
            "e9f3d0b0-7580-48c0-8530-4042ed1d428d"
          ],
          "failures": [],
          "pending": [],
          "skipped": [],
          "duration": 66787,
          "root": false,
          "rootEmpty": false,
          "_timeout": 2000
        }
      ],
      "passes": [],
      "failures": [],
      "pending": [],
      "skipped": [],
      "duration": 0,
      "root": true,
      "rootEmpty": true,
      "_timeout": 2000
    },
    {
      "uuid": "4bfa2588-3318-4c16-a414-4d02552fe8c1",
      "title": "",
      "fullFile": "cypress\\integration\\uploadAndDownload.spec.js",
      "file": "cypress\\integration\\uploadAndDownload.spec.js",
      "beforeHooks": [],
      "afterHooks": [],
      "tests": [],
      "suites": [
        {
          "uuid": "90b3fb6d-33c6-4949-8754-d46bafad4a7f",
          "title": "File upload and download tests",
          "fullFile": "",
          "file": "",
          "beforeHooks": [],
          "afterHooks": [],
          "tests": [
            {
              "title": "Upload file and download it in Zip format",
              "fullTitle": "File upload and download tests Upload file and download it in Zip format",
              "timedOut": null,
              "duration": 5584,
              "state": "passed",
              "speed": "slow",
              "pass": true,
              "fail": false,
              "pending": false,
              "context": null,
              "code": "cy.get('#fileField').attachFile('procedure.png');\ncy.contains('This bin contains 1 file').should('be.visible');\ncy.get('.fa-cloud-download').click();\ncy.contains('Zip').invoke('attr', 'href').then(function (downloadLink) {\n  cy.log(downloadLink);\n  cy.downloadFile(downloadLink, 'mydownloads/zipFiles', 'downloadedFromCypress.zip');\n  cy.readFile('mydownloads/zipFiles/downloadedFromCypress.zip');\n});",
              "err": {},
              "uuid": "50fae25e-c67b-4e33-b727-6eb1c88e021b",
              "parentUUID": "90b3fb6d-33c6-4949-8754-d46bafad4a7f",
              "isHook": false,
              "skipped": false
            },
            {
              "title": "Upload file and download it in Tar format",
              "fullTitle": "File upload and download tests Upload file and download it in Tar format",
              "timedOut": null,
              "duration": 2756,
              "state": "passed",
              "speed": "slow",
              "pass": true,
              "fail": false,
              "pending": false,
              "context": null,
              "code": "cy.get('#fileField').attachFile('procedure.png');\ncy.contains('This bin contains 1 file').should('be.visible');\ncy.get('.fa-cloud-download').click();\ncy.contains('Tar').invoke('attr', 'href').then(function (downloadLink) {\n  cy.log(downloadLink);\n  cy.downloadFile(downloadLink, 'mydownloads/tarFiles', 'downloadedFromCypress.tar');\n  cy.readFile('mydownloads/tarFiles/downloadedFromCypress.tar');\n});",
              "err": {},
              "uuid": "a60eecc4-9968-4e20-a8cf-4e856b2c8dde",
              "parentUUID": "90b3fb6d-33c6-4949-8754-d46bafad4a7f",
              "isHook": false,
              "skipped": false
            }
          ],
          "suites": [],
          "passes": [
            "50fae25e-c67b-4e33-b727-6eb1c88e021b",
            "a60eecc4-9968-4e20-a8cf-4e856b2c8dde"
          ],
          "failures": [],
          "pending": [],
          "skipped": [],
          "duration": 8340,
          "root": false,
          "rootEmpty": false,
          "_timeout": 2000
        }
      ],
      "passes": [],
      "failures": [],
      "pending": [],
      "skipped": [],
      "duration": 0,
      "root": true,
      "rootEmpty": true,
      "_timeout": 2000
    },
    {
      "uuid": "3492ef11-eee6-4c38-8c15-4c6ab6a80948",
      "title": "",
      "fullFile": "cypress\\integration\\profils\\civilPartnershipRefactor.spec.js",
      "file": "cypress\\integration\\profils\\civilPartnershipRefactor.spec.js",
      "beforeHooks": [],
      "afterHooks": [],
      "tests": [],
      "suites": [
        {
          "uuid": "f65eb890-1211-4024-91e6-dcd9c207053f",
          "title": "Choose the options to get credit with Pacs profil",
          "fullFile": "",
          "file": "",
          "beforeHooks": [],
          "afterHooks": [],
          "tests": [
            {
              "title": "Choice of project",
              "fullTitle": "Choose the options to get credit with Pacs profil Choice of project",
              "timedOut": null,
              "duration": 48716,
              "state": "passed",
              "speed": "slow",
              "pass": true,
              "fail": false,
              "pending": false,
              "context": null,
              "code": "cy.chooseProjectCredit(profile.landingStep);\ncy.wait(1000);\ncy.buttonClick('CONTINUER');\ncy.url().should('contain', '/email');\ncy.get(\"h2\").should('contain', 'Découvrez votre offre de prêt');\ncy.emailUser(profile.identityStep);\ncy.wait(5000);\ncy.url().should('contain', '/familysituation');",
              "err": {},
              "uuid": "b6f7e220-5eee-499a-9ed0-15ab7c4013a3",
              "parentUUID": "f65eb890-1211-4024-91e6-dcd9c207053f",
              "isHook": false,
              "skipped": false
            },
            {
              "title": "fill the family situation (marital statut)",
              "fullTitle": "Choose the options to get credit with Pacs profil fill the family situation (marital statut)",
              "timedOut": null,
              "duration": 1547,
              "state": "passed",
              "speed": "slow",
              "pass": true,
              "fail": false,
              "pending": false,
              "context": null,
              "code": "cy.familySituation(profile.identityStep);",
              "err": {},
              "uuid": "b0e24795-3bd8-4a79-a4d4-7a17c27ecc43",
              "parentUUID": "f65eb890-1211-4024-91e6-dcd9c207053f",
              "isHook": false,
              "skipped": false
            },
            {
              "title": "fill the housing field",
              "fullTitle": "Choose the options to get credit with Pacs profil fill the housing field",
              "timedOut": null,
              "duration": 1858,
              "state": "passed",
              "speed": "slow",
              "pass": true,
              "fail": false,
              "pending": false,
              "context": null,
              "code": "//  Registration housing is successfull          \ncy.get(\"h2\").should('contain', 'Votre logement');\ncy.housingStatusUser(profile.houseStep);\ncy.url().should('contain', '/professionalsituation');",
              "err": {},
              "uuid": "65ee9bb2-34a9-4fc8-bbe9-33acbdb3e3b1",
              "parentUUID": "f65eb890-1211-4024-91e6-dcd9c207053f",
              "isHook": false,
              "skipped": false
            },
            {
              "title": "fill professional situation",
              "fullTitle": "Choose the options to get credit with Pacs profil fill professional situation",
              "timedOut": null,
              "duration": 2099,
              "state": "passed",
              "speed": "slow",
              "pass": true,
              "fail": false,
              "pending": false,
              "context": null,
              "code": "cy.profesionalActivity(profile.activityStep, profile.activityStatus);",
              "err": {},
              "uuid": "9cf849fe-bd7c-43c2-a5c1-c7e3d004c978",
              "parentUUID": "f65eb890-1211-4024-91e6-dcd9c207053f",
              "isHook": false,
              "skipped": false
            },
            {
              "title": "Fill partner's professional situation",
              "fullTitle": "Choose the options to get credit with Pacs profil Fill partner's professional situation",
              "timedOut": null,
              "duration": 2438,
              "state": "passed",
              "speed": "slow",
              "pass": true,
              "fail": false,
              "pending": false,
              "context": null,
              "code": "cy.url().should('include', '/partnerprofession');\ncy.get(\"h2\").should('contain', 'Profession de votre conjoint');\ncy.partnerActivityCoupleUser(profile.partneractivityStep);\ncy.get('[data-test=navigator-compact-forward]').click();",
              "err": {},
              "uuid": "ee9dde0f-1d93-4353-b6fe-4b73344d51a8",
              "parentUUID": "f65eb890-1211-4024-91e6-dcd9c207053f",
              "isHook": false,
              "skipped": false
            },
            {
              "title": "fill monthly incomes",
              "fullTitle": "Choose the options to get credit with Pacs profil fill monthly incomes",
              "timedOut": null,
              "duration": 2526,
              "state": "passed",
              "speed": "slow",
              "pass": true,
              "fail": false,
              "pending": false,
              "context": null,
              "code": "cy.url().should('include', '/incomes');\ncy.get(\"h2\").should('contain', 'Vos revenus mensuels');\ncy.incomeUser(profile.houseStep, profile.mariedStatus);\ncy.get('[data-test=navigator-compact-forward]').click();\ncy.url().should('contain', '/outcomes');",
              "err": {},
              "uuid": "51882be1-3054-444c-9886-2ed90116f3df",
              "parentUUID": "f65eb890-1211-4024-91e6-dcd9c207053f",
              "isHook": false,
              "skipped": false
            },
            {
              "title": "fill monthly outcomes",
              "fullTitle": "Choose the options to get credit with Pacs profil fill monthly outcomes",
              "timedOut": null,
              "duration": 1997,
              "state": "passed",
              "speed": "slow",
              "pass": true,
              "fail": false,
              "pending": false,
              "context": null,
              "code": "cy.url().should('include', '/outcomes');\ncy.get(\"h2\").should('contain', 'Vos charges mensuelles');\ncy.outcomeUser(profile.houseStep, profile.mariedStatus, profile.houseStatus);",
              "err": {},
              "uuid": "56383b09-cd2a-4b01-bdad-92bd80cdf135",
              "parentUUID": "f65eb890-1211-4024-91e6-dcd9c207053f",
              "isHook": false,
              "skipped": false
            },
            {
              "title": "Fill information about his bank",
              "fullTitle": "Choose the options to get credit with Pacs profil Fill information about his bank",
              "timedOut": null,
              "duration": 1567,
              "state": "passed",
              "speed": "slow",
              "pass": true,
              "fail": false,
              "pending": false,
              "context": null,
              "code": "// Successfull registraction\ncy.get(\"h2\").should('contain', 'Votre banque');\ncy.bankUser(profile.bankStep);",
              "err": {},
              "uuid": "acce0a3b-7553-4004-8d55-b4d8dd11d437",
              "parentUUID": "f65eb890-1211-4024-91e6-dcd9c207053f",
              "isHook": false,
              "skipped": false
            },
            {
              "title": "Fill information about you",
              "fullTitle": "Choose the options to get credit with Pacs profil Fill information about you",
              "timedOut": null,
              "duration": 4172,
              "state": "passed",
              "speed": "slow",
              "pass": true,
              "fail": false,
              "pending": false,
              "context": null,
              "code": "//Fail registraction\n// Successfull registraction\ncy.url().should('include', '/identity');\ncy.get(\"h2\").should('contain', 'Vos informations');\ncy.get('[data-di-id=\"di-id-bf89a9dc-e017ffb1\"] > label');\ncy.get('[type=\"radio\"]').check({\n  force: true\n});\ncy.identityUser(profile.identityStep);\ncy.get('[data-test=navigator-compact-forward]').click();",
              "err": {},
              "uuid": "9c854e0b-0d54-435d-8f30-37c53a600a3c",
              "parentUUID": "f65eb890-1211-4024-91e6-dcd9c207053f",
              "isHook": false,
              "skipped": false
            },
            {
              "title": "Fill information about your partener",
              "fullTitle": "Choose the options to get credit with Pacs profil Fill information about your partener",
              "timedOut": null,
              "duration": 4001,
              "state": "passed",
              "speed": "slow",
              "pass": true,
              "fail": false,
              "pending": false,
              "context": null,
              "code": "//Fail registraction\n// Successfull registraction\ncy.url().should('include', '/partneridentity');\ncy.get(\"h2\").should('contain', 'Les informations de votre conjoint');\ncy.get('[data-di-id=\"di-id-66b6d813-523699cf\"] > label');\ncy.get('[type=\"radio\"]').check({\n  force: true\n});\ncy.identityPartnerUser(profile.partnerIdentityStep, profile.partnerStatus);\ncy.get('[data-test=navigator-compact-forward]').click();",
              "err": {},
              "uuid": "11b39e05-4e69-4283-a701-a2972a7d7f1c",
              "parentUUID": "f65eb890-1211-4024-91e6-dcd9c207053f",
              "isHook": false,
              "skipped": false
            },
            {
              "title": "Fill information about contct",
              "fullTitle": "Choose the options to get credit with Pacs profil Fill information about contct",
              "timedOut": null,
              "duration": 3663,
              "state": "passed",
              "speed": "slow",
              "pass": true,
              "fail": false,
              "pending": false,
              "context": null,
              "code": "//Fail registraction\n// Successfull registraction\ncy.url().should('include', '/contact');\ncy.get(\"h2\").should('contain', 'Vos coordonnées');\ncy.contactUser(profile.identityStep);\ncy.get('[data-test=navigator-compact-forward]').click();",
              "err": {},
              "uuid": "badcbfc0-d306-4a96-8130-55ea1d17c57b",
              "parentUUID": "f65eb890-1211-4024-91e6-dcd9c207053f",
              "isHook": false,
              "skipped": false
            }
          ],
          "suites": [],
          "passes": [
            "b6f7e220-5eee-499a-9ed0-15ab7c4013a3",
            "b0e24795-3bd8-4a79-a4d4-7a17c27ecc43",
            "65ee9bb2-34a9-4fc8-bbe9-33acbdb3e3b1",
            "9cf849fe-bd7c-43c2-a5c1-c7e3d004c978",
            "ee9dde0f-1d93-4353-b6fe-4b73344d51a8",
            "51882be1-3054-444c-9886-2ed90116f3df",
            "56383b09-cd2a-4b01-bdad-92bd80cdf135",
            "acce0a3b-7553-4004-8d55-b4d8dd11d437",
            "9c854e0b-0d54-435d-8f30-37c53a600a3c",
            "11b39e05-4e69-4283-a701-a2972a7d7f1c",
            "badcbfc0-d306-4a96-8130-55ea1d17c57b"
          ],
          "failures": [],
          "pending": [],
          "skipped": [],
          "duration": 74584,
          "root": false,
          "rootEmpty": false,
          "_timeout": 2000
        }
      ],
      "passes": [],
      "failures": [],
      "pending": [],
      "skipped": [],
      "duration": 0,
      "root": true,
      "rootEmpty": true,
      "_timeout": 2000
    }
  ],
  "meta": {
    "mocha": {
      "version": "7.0.1"
    },
    "mochawesome": {
      "options": {
        "quiet": false,
        "reportFilename": "mochawesome",
        "saveHtml": false,
        "saveJson": true,
        "consoleReporter": "spec",
        "useInlineDiffs": false,
        "code": true
      },
      "version": "6.1.1"
    },
    "marge": {
      "options": {
        "reportDir": "cypress/results",
        "overwrite": false,
        "html": false,
        "json": true
      },
      "version": "5.1.0"
    }
  }
}